2022-11-22 16:35:25,668 : INFO : test_Education : print 1st two course
2022-11-22 16:46:40,855 : INFO : test_Education : print 1st two course
2022-11-22 16:51:33,343 : INFO : test_Education : print 1st two course
2022-11-22 16:53:14,914 : INFO : test_Education : print 1st two course
2022-11-22 17:15:50,453 : INFO : test_Education : print 1st two course
2022-11-22 17:18:00,181 : INFO : test_Education : print 1st two course
2022-11-22 17:20:35,320 : INFO : test_Education : print 1st two course
2022-11-22 17:24:25,355 : INFO : test_Education : print 1st two course
2022-11-22 17:27:47,864 : INFO : test_Education : print 1st two course
2022-11-22 17:27:49,061 : INFO : test_Education : searchw
2022-11-22 17:32:11,524 : INFO : test_Education : print 1st two course
2022-11-22 17:32:11,886 : INFO : test_Education : searchw
2022-11-22 17:34:59,391 : INFO : test_Education : print 1st two course
2022-11-22 17:34:59,693 : INFO : test_Education : searchw
2022-11-22 17:59:49,627 : INFO : test_Education : print 1st two course
2022-11-22 17:59:55,431 : INFO : test_Education : searchw
2022-11-22 18:13:47,544 : INFO : test_Education : print 1st two course
2022-11-22 18:13:50,122 : INFO : test_Education : searchw
2022-11-22 18:16:54,212 : INFO : test_Education : print 1st two course
2022-11-22 18:16:54,526 : INFO : test_Education : searchw
2022-11-22 18:44:06,561 : INFO : test_Education : print 1st two course
2022-11-22 18:44:07,070 : INFO : test_Education : searchw
2022-11-22 18:49:33,065 : INFO : test_Education : print 1st two course
2022-11-22 18:49:36,422 : INFO : test_Education : searchw
2022-11-22 18:51:45,408 : INFO : test_Education : print 1st two course
2022-11-22 18:51:45,774 : INFO : test_Education : searchw
2022-11-22 18:58:52,217 : INFO : test_Education : print 1st two course
2022-11-22 18:58:53,163 : INFO : test_Education : searchw
2022-11-22 19:00:41,671 : INFO : test_Education : print 1st two course
2022-11-22 19:00:44,031 : INFO : test_Education : searchw
2022-11-22 19:02:22,219 : INFO : test_Education : print 1st two course
2022-11-22 19:02:22,420 : INFO : test_Education : searchw
2022-11-22 19:03:21,927 : INFO : test_Education : print 1st two course
2022-11-22 19:03:22,315 : INFO : test_Education : searchw
2022-11-22 19:11:45,863 : INFO : test_Education : print 1st two course
2022-11-22 19:11:46,096 : INFO : test_Education : searchw
2022-11-22 19:15:44,727 : INFO : test_Education : print 1st two course
2022-11-22 19:15:45,476 : INFO : test_Education : searchw
2022-11-22 20:31:27,246 : INFO : test_Education : print 1st two course
2022-11-22 20:31:29,050 : INFO : test_Education : searchw
2022-11-22 20:32:47,478 : INFO : test_Education : print 1st two course
2022-11-22 20:32:47,621 : INFO : test_Education : searchw
2022-11-22 20:35:42,434 : INFO : test_Education : print 1st two course
2022-11-22 20:35:43,548 : INFO : test_Education : searchw
2022-11-22 20:36:32,267 : INFO : test_Education : print 1st two course
2022-11-22 20:36:32,595 : INFO : test_Education : searchw
2022-11-22 20:37:10,272 : INFO : test_Education : print 1st two course
2022-11-22 20:37:10,636 : INFO : test_Education : searchw
2022-11-22 20:39:14,528 : INFO : test_Education : print 1st two course
2022-11-22 20:39:14,998 : INFO : test_Education : searchw
2022-11-22 20:40:04,309 : INFO : test_Education : print 1st two course
2022-11-22 20:40:04,564 : INFO : test_Education : searchw
2022-11-22 20:41:43,257 : INFO : test_Education : print 1st two course
2022-11-22 20:41:44,032 : INFO : test_Education : searchw
2022-11-22 20:44:10,471 : INFO : test_Education : Information statement
2022-11-22 20:44:10,480 : WARNING : test_Education : something is in warning mode
2022-11-22 20:44:10,480 : ERROR : test_Education : A major error has happening
2022-11-22 20:44:10,481 : CRITICAL : test_Education : critical issue
2022-11-22 20:44:10,481 : INFO : test_Education : print 1st two course
2022-11-22 20:44:11,142 : INFO : test_Education : searchw
2022-11-22 20:46:00,375 : INFO : test_Education : Information statement
2022-11-22 20:46:00,376 : WARNING : test_Education : something is in warning mode
2022-11-22 20:46:00,376 : ERROR : test_Education : A major error has happening
2022-11-22 20:46:00,376 : CRITICAL : test_Education : critical issue
2022-11-22 20:46:00,376 : INFO : test_Education : print 1st two course
2022-11-22 20:46:00,692 : INFO : test_Education : w
2022-11-22 20:47:18,924 : INFO : test_Education : Information statement
2022-11-22 20:47:18,950 : WARNING : test_Education : something is in warning mode
2022-11-22 20:47:18,950 : ERROR : test_Education : A major error has happening
2022-11-22 20:47:18,950 : CRITICAL : test_Education : critical issue
2022-11-22 20:47:18,951 : INFO : test_Education : print 1st two course
2022-11-22 20:47:19,677 : INFO : test_Education : w
2022-11-22 20:49:25,030 : INFO : test_Education : Information statement
2022-11-22 20:49:25,078 : WARNING : test_Education : something is in warning mode
2022-11-22 20:49:25,078 : ERROR : test_Education : A major error has happening
2022-11-22 20:49:25,078 : CRITICAL : test_Education : critical issue
2022-11-22 20:49:25,078 : INFO : test_Education : print 1st two course
2022-11-22 20:49:30,743 : INFO : test_Education : search w
2022-11-22 20:50:15,230 : INFO : test_Education : Information statement
2022-11-22 20:50:15,233 : WARNING : test_Education : something is in warning mode
2022-11-22 20:50:15,233 : ERROR : test_Education : A major error has happening
2022-11-22 20:50:15,233 : CRITICAL : test_Education : critical issue
2022-11-22 20:50:15,233 : INFO : test_Education : print 1st two course
2022-11-22 20:50:15,907 : INFO : test_Education : search w
2022-11-22 20:51:37,471 : INFO : test_Education : Information statement
2022-11-22 20:51:37,471 : WARNING : test_Education : something is in warning mode
2022-11-22 20:51:37,473 : ERROR : test_Education : A major error has happening
2022-11-22 20:51:37,473 : CRITICAL : test_Education : critical issue
2022-11-22 20:51:37,473 : INFO : test_Education : print 1st two course
2022-11-22 20:51:37,753 : INFO : test_Education : searchw
2022-11-22 20:59:00,192 : INFO : test_Education : Information statement
2022-11-22 20:59:00,199 : WARNING : test_Education : something is in warning mode
2022-11-22 20:59:00,199 : ERROR : test_Education : A major error has happening
2022-11-22 20:59:00,200 : CRITICAL : test_Education : critical issue
2022-11-22 20:59:00,200 : INFO : test_Education : print 1st two course
2022-11-22 20:59:00,617 : INFO : test_Education : searchw
2022-11-22 20:59:52,514 : INFO : test_Education : Information statement
2022-11-22 20:59:52,514 : WARNING : test_Education : something is in warning mode
2022-11-22 20:59:52,515 : ERROR : test_Education : A major error has happening
2022-11-22 20:59:52,515 : CRITICAL : test_Education : critical issue
2022-11-22 20:59:52,515 : INFO : test_Education : print 1st two course
2022-11-22 20:59:52,886 : INFO : test_Education : searchw
2022-11-22 21:00:58,650 : INFO : test_Education : Information statement
2022-11-22 21:00:58,749 : WARNING : test_Education : something is in warning mode
2022-11-22 21:00:58,749 : ERROR : test_Education : A major error has happening
2022-11-22 21:00:58,750 : CRITICAL : test_Education : critical issue
2022-11-22 21:00:58,750 : INFO : test_Education : print 1st two course
2022-11-22 21:00:59,356 : INFO : test_Education : searchw
2022-11-22 21:03:07,122 : INFO : test_Education : Information statement
2022-11-22 21:03:07,153 : WARNING : test_Education : something is in warning mode
2022-11-22 21:03:07,153 : ERROR : test_Education : A major error has happening
2022-11-22 21:03:07,153 : CRITICAL : test_Education : critical issue
2022-11-22 21:03:07,153 : INFO : test_Education : print 1st two course
2022-11-22 21:03:09,780 : INFO : test_Education : searchw
2022-11-22 21:04:07,719 : INFO : test_Education : Information statement
2022-11-22 21:04:07,720 : WARNING : test_Education : something is in warning mode
2022-11-22 21:04:07,720 : ERROR : test_Education : A major error has happening
2022-11-22 21:04:07,721 : CRITICAL : test_Education : critical issue
2022-11-22 21:04:07,721 : INFO : test_Education : print 1st two course
2022-11-22 21:04:07,911 : INFO : test_Education : searchw
2022-11-22 21:08:37,881 : INFO : test_Education : Information statement
2022-11-22 21:08:37,882 : WARNING : test_Education : something is in warning mode
2022-11-22 21:08:37,882 : ERROR : test_Education : A major error has happening
2022-11-22 21:08:37,883 : CRITICAL : test_Education : critical issue
2022-11-22 21:08:37,883 : INFO : test_Education : print 1st two course
2022-11-22 21:08:38,774 : INFO : test_Education : searchw
2022-11-22 21:10:37,594 : INFO : test_Education : Information statement
2022-11-22 21:10:37,604 : WARNING : test_Education : something is in warning mode
2022-11-22 21:10:37,604 : ERROR : test_Education : A major error has happening
2022-11-22 21:10:37,605 : CRITICAL : test_Education : critical issue
2022-11-22 21:10:37,605 : INFO : test_Education : print 1st two course
2022-11-22 21:10:38,704 : INFO : test_Education : searchw
2022-11-22 21:12:13,078 : INFO : test_Education : Information statement
2022-11-22 21:12:13,078 : WARNING : test_Education : something is in warning mode
2022-11-22 21:12:13,079 : ERROR : test_Education : A major error has happening
2022-11-22 21:12:13,079 : CRITICAL : test_Education : critical issue
2022-11-22 21:12:13,079 : INFO : test_Education : print 1st two course
2022-11-22 21:18:14,475 : INFO : test_Education : Information statement
2022-11-22 21:18:14,489 : WARNING : test_Education : something is in warning mode
2022-11-22 21:18:14,490 : ERROR : test_Education : A major error has happening
2022-11-22 21:18:14,491 : CRITICAL : test_Education : critical issue
2022-11-22 21:18:14,491 : INFO : test_Education : print 1st two course
2022-11-22 21:20:07,576 : INFO : test_Education : print 1st two course
2022-11-22 21:23:23,695 : INFO : test_Education : print 1st two course
2022-11-22 21:24:11,580 : INFO : test_Education : print 1st two course
2022-11-22 21:25:12,708 : INFO : test_Education : print 1st two course
2022-11-23 11:47:23,578 : INFO : test_Education : print 1st two course
2022-11-23 12:40:45,231 : INFO : test_Education : print 1st two course
2022-11-23 12:42:09,853 : INFO : test_Education : print 1st two course
2022-11-23 12:48:56,898 : INFO : test_Education : print 1st two course
2022-11-23 12:57:28,450 : INFO : test_Education : print 1st two course
2022-11-23 13:47:50,408 : INFO : test_Education : print 1st two course
2022-11-23 13:56:04,378 : INFO : test_Education : print 1st two course
2022-11-23 13:57:23,628 : INFO : test_Education : print 1st two course
2022-11-23 13:59:22,928 : INFO : test_Education : print 1st two course
2022-11-23 14:00:36,959 : INFO : test_Education : print 1st two course
2022-11-23 14:53:24,835 : INFO : test_Education : print 1st two course
2022-11-23 14:57:16,669 : INFO : test_Education : print 1st two course
2022-11-23 15:02:01,272 : INFO : test_Education : print 1st two course
2022-11-23 15:04:15,036 : INFO : test_Education : print 1st two course
2022-11-23 15:10:50,068 : INFO : test_Education : print 1st two course
2022-11-23 15:15:12,788 : INFO : test_Education : print 1st two course
2022-11-23 15:17:07,418 : INFO : test_Education : print 1st two course
2022-11-23 15:19:01,257 : INFO : test_Education : print 1st two course
2022-11-23 15:21:44,290 : INFO : test_Education : print 1st two course
2022-11-23 15:26:04,745 : INFO : test_Education : print 1st two course
2022-11-23 16:02:43,562 : INFO : test_Education : print 1st two course
2022-11-23 19:41:52,251 : INFO : test_Education : print 1st two course
2022-11-23 19:49:25,808 : INFO : test_Education : print 1st two course
2022-11-23 19:52:41,361 : INFO : test_Education : print 1st two course
2022-11-23 19:56:19,155 : INFO : test_Education : print 1st two course
2022-11-23 20:00:52,513 : INFO : test_Education : print 1st two course
2022-11-23 20:13:49,238 : INFO : test_Education : print 1st two course
2022-11-23 20:21:32,881 : INFO : test_Education : print 1st two course
2022-11-23 20:29:11,253 : INFO : test_Education : print 1st two course
2022-11-23 20:30:28,024 : INFO : test_Education : print 1st two course
2022-11-23 20:34:36,472 : INFO : test_Education : print 1st two course
2022-11-23 20:35:26,801 : INFO : test_Education : print 1st two course
2022-11-23 20:37:52,379 : INFO : test_Education : print 1st two course
2022-11-23 20:42:19,268 : INFO : test_Education : print 1st two course
2022-11-23 20:45:23,309 : INFO : test_Education : print 1st two course
2022-11-23 20:49:01,135 : INFO : test_Education : print 1st two course
2022-11-23 20:53:07,951 : INFO : test_Education : print 1st two course
2022-11-23 20:55:13,058 : INFO : test_Education : print 1st two course
2022-11-23 20:59:55,139 : INFO : test_Education : print 1st two course
2022-11-23 21:07:03,467 : INFO : test_Education : print 1st two course
2022-11-23 21:10:38,175 : INFO : test_Education : print 1st two course
2022-11-23 21:21:26,454 : INFO : test_Education : print 1st two course
2022-11-24 10:29:52,515 : INFO : test_Education : print 1st two course
2022-11-24 10:32:33,849 : INFO : test_Education : print 1st two course
2022-11-24 10:34:52,939 : INFO : test_Education : print 1st two course
2022-11-24 10:39:09,784 : INFO : test_Education : print 1st two course
2022-11-24 10:44:29,723 : INFO : test_Education : print 1st two course
2022-11-24 10:47:02,520 : INFO : test_Education : print 1st two course
2022-11-24 10:50:05,181 : INFO : test_Education : print 1st two course
2022-11-24 10:57:56,326 : INFO : test_Education : print 1st two course
2022-11-24 11:04:30,297 : INFO : test_Education : print 1st two course
2022-11-24 11:11:42,111 : INFO : test_Education : print 1st two course
2022-11-24 11:14:10,821 : INFO : test_Education : print 1st two course
2022-11-24 11:17:51,979 : INFO : test_Education : print 1st two course
2022-11-24 11:21:25,909 : INFO : test_Education : print 1st two course
2022-11-24 11:24:00,388 : INFO : test_Education : print 1st two course
2022-11-24 11:28:12,714 : INFO : test_Education : print 1st two course
2022-11-24 11:30:06,786 : INFO : test_Education : print 1st two course
2022-11-24 12:28:56,423 : INFO : test_Education : print 1st two course
2022-11-24 12:31:17,423 : INFO : test_Education : print 1st two course
2022-11-24 12:32:31,857 : INFO : test_Education : print 1st two course
2022-11-24 12:34:26,119 : INFO : test_Education : print 1st two course
2022-11-24 12:36:02,340 : INFO : test_Education : print 1st two course
2022-11-25 15:10:17,705 : INFO : test_Education : print 1st two course
2022-11-25 15:36:33,308 : INFO : test_Education : print 1st two course
2022-11-25 16:50:10,053 : INFO : test_Education : print 1st two course
2022-11-25 17:48:20,401 : INFO : test_Education : print 1st two course
2022-11-25 17:55:07,208 : INFO : test_Education : print 1st two course
2022-11-25 17:58:41,605 : INFO : test_Education : print 1st two course
2022-11-25 18:03:14,016 : INFO : test_Education : print 1st two course
